2019-10-29 12:20:14,165 DEBUG - DownloadManager::Qvt successfully downloaded in TIME=430 ms URL=http://cbd46b77.cdn.cms.movetv.com/cms/publish3/container/scheduleqvt/7ef3767fff3f4482a1a5cd9ffa82b773.qvt PER_TIME=430
2019-10-29 12:20:14,413 DEBUG - DownloadManager::Qmx successfully downloaded in TIME=238 ms. URL=http://p-cdn1-802-cg14-linear-cbd46b77.movetv.com/15802/live/HGTVD/a599d150fa3111e9a09b0025b5471110/index.qmx PER_TIME=238
2019-10-29 12:20:14,468 DEBUG - TimelineServices::load timeline PER_TIME=291 ms
2019-10-29 12:20:14,471 DEBUG - TimelineServices::Create timeline PER_TIME=735 ms
2019-10-29 12:20:14,471 DEBUG - PlayerController::Create timeline PER_TIME=735 ms
2019-10-29 12:20:16,012 DEBUG - PlayerController::Play streamer PER_TIME=1501 ms
2019-10-29 12:20:29,781 DEBUG - DownloadManager::Qvt successfully downloaded in TIME=191 ms URL=http://cbd46b77.cdn.cms.movetv.com/cms/publish3/container/scheduleqvt/7ef3767fff3f4482a1a5cd9ffa82b773.qvt PER_TIME=191
2019-10-29 12:20:29,790 DEBUG - DownloadManager::Qmx successfully downloaded in TIME=2 ms. URL=http://p-cdn1-802-cg14-linear-cbd46b77.movetv.com/15802/live/HGTVD/a599d150fa3111e9a09b0025b5471110/index.qmx PER_TIME=2
2019-10-29 12:20:29,792 DEBUG - TimelineServices::load timeline PER_TIME=2 ms
2019-10-29 12:20:44,928 DEBUG - DownloadManager::Qvt successfully downloaded in TIME=88 ms URL=http://cbd46b77.cdn.cms.movetv.com/cms/publish3/container/scheduleqvt/7ef3767fff3f4482a1a5cd9ffa82b773.qvt PER_TIME=88
2019-10-29 12:20:44,931 DEBUG - DownloadManager::Qmx successfully downloaded in TIME=1 ms. URL=http://p-cdn1-802-cg14-linear-cbd46b77.movetv.com/15802/live/HGTVD/a599d150fa3111e9a09b0025b5471110/index.qmx PER_TIME=1
2019-10-29 12:20:44,932 DEBUG - TimelineServices::load timeline PER_TIME=1 ms
2019-10-29 12:21:00,255 DEBUG - DownloadManager::Qvt successfully downloaded in TIME=165 ms URL=http://cbd46b77.cdn.cms.movetv.com/cms/publish3/container/scheduleqvt/7ef3767fff3f4482a1a5cd9ffa82b773.qvt PER_TIME=165
2019-10-29 12:21:00,259 DEBUG - DownloadManager::Qmx successfully downloaded in TIME=1 ms. URL=http://p-cdn1-802-cg14-linear-cbd46b77.movetv.com/15802/live/HGTVD/a599d150fa3111e9a09b0025b5471110/index.qmx PER_TIME=1
2019-10-29 12:21:00,260 DEBUG - TimelineServices::load timeline PER_TIME=1 ms
2019-10-29 12:21:15,428 DEBUG - DownloadManager::Qvt successfully downloaded in TIME=86 ms URL=http://cbd46b77.cdn.cms.movetv.com/cms/publish3/container/scheduleqvt/7ef3767fff3f4482a1a5cd9ffa82b773.qvt PER_TIME=86
2019-10-29 12:21:15,431 DEBUG - DownloadManager::Qmx successfully downloaded in TIME=1 ms. URL=http://p-cdn1-802-cg14-linear-cbd46b77.movetv.com/15802/live/HGTVD/a599d150fa3111e9a09b0025b5471110/index.qmx PER_TIME=1
2019-10-29 12:21:15,432 DEBUG - TimelineServices::load timeline PER_TIME=1 ms
2019-10-29 12:21:30,812 DEBUG - DownloadManager::Qvt successfully downloaded in TIME=217 ms URL=http://cbd46b77.cdn.cms.movetv.com/cms/publish3/container/scheduleqvt/7ef3767fff3f4482a1a5cd9ffa82b773.qvt PER_TIME=217
2019-10-29 12:21:30,816 DEBUG - DownloadManager::Qmx successfully downloaded in TIME=1 ms. URL=http://p-cdn1-802-cg14-linear-cbd46b77.movetv.com/15802/live/HGTVD/a599d150fa3111e9a09b0025b5471110/index.qmx PER_TIME=1
2019-10-29 12:21:30,816 DEBUG - TimelineServices::load timeline PER_TIME=0 ms
2019-10-29 12:21:46,04 DEBUG - DownloadManager::Qvt successfully downloaded in TIME=162 ms URL=http://cbd46b77.cdn.cms.movetv.com/cms/publish3/container/scheduleqvt/7ef3767fff3f4482a1a5cd9ffa82b773.qvt PER_TIME=162
2019-10-29 12:21:46,07 DEBUG - DownloadManager::Qmx successfully downloaded in TIME=0 ms. URL=http://p-cdn1-802-cg14-linear-cbd46b77.movetv.com/15802/live/HGTVD/a599d150fa3111e9a09b0025b5471110/index.qmx PER_TIME=0
2019-10-29 12:21:46,08 DEBUG - TimelineServices::load timeline PER_TIME=1 ms
2019-10-29 12:22:00,936 DEBUG - DownloadManager::Qvt successfully downloaded in TIME=92 ms URL=http://cbd46b77.cdn.cms.movetv.com/cms/publish3/container/scheduleqvt/7ef3767fff3f4482a1a5cd9ffa82b773.qvt PER_TIME=92
2019-10-29 12:22:00,940 DEBUG - DownloadManager::Qmx successfully downloaded in TIME=1 ms. URL=http://p-cdn1-802-cg14-linear-cbd46b77.movetv.com/15802/live/HGTVD/a599d150fa3111e9a09b0025b5471110/index.qmx PER_TIME=1
2019-10-29 12:22:00,940 DEBUG - TimelineServices::load timeline PER_TIME=0 ms
2019-10-29 12:22:16,191 DEBUG - DownloadManager::Qvt successfully downloaded in TIME=98 ms URL=http://cbd46b77.cdn.cms.movetv.com/cms/publish3/container/scheduleqvt/7ef3767fff3f4482a1a5cd9ffa82b773.qvt PER_TIME=98
2019-10-29 12:22:16,194 DEBUG - DownloadManager::Qmx successfully downloaded in TIME=1 ms. URL=http://p-cdn1-802-cg14-linear-cbd46b77.movetv.com/15802/live/HGTVD/a599d150fa3111e9a09b0025b5471110/index.qmx PER_TIME=1
2019-10-29 12:22:16,195 DEBUG - TimelineServices::load timeline PER_TIME=1 ms
2019-10-29 12:22:31,480 DEBUG - DownloadManager::Qvt successfully downloaded in TIME=136 ms URL=http://cbd46b77.cdn.cms.movetv.com/cms/publish3/container/scheduleqvt/7ef3767fff3f4482a1a5cd9ffa82b773.qvt PER_TIME=136
2019-10-29 12:22:31,484 DEBUG - DownloadManager::Qmx successfully downloaded in TIME=1 ms. URL=http://p-cdn1-802-cg14-linear-cbd46b77.movetv.com/15802/live/HGTVD/a599d150fa3111e9a09b0025b5471110/index.qmx PER_TIME=1
2019-10-29 12:22:31,485 DEBUG - TimelineServices::load timeline PER_TIME=1 ms
2019-10-29 12:22:46,703 DEBUG - DownloadManager::Qvt successfully downloaded in TIME=108 ms URL=http://cbd46b77.cdn.cms.movetv.com/cms/publish3/container/scheduleqvt/7ef3767fff3f4482a1a5cd9ffa82b773.qvt PER_TIME=108
2019-10-29 12:22:46,707 DEBUG - DownloadManager::Qmx successfully downloaded in TIME=1 ms. URL=http://p-cdn1-802-cg14-linear-cbd46b77.movetv.com/15802/live/HGTVD/a599d150fa3111e9a09b0025b5471110/index.qmx PER_TIME=1
2019-10-29 12:22:46,708 DEBUG - TimelineServices::load timeline PER_TIME=1 ms
2019-10-29 12:23:01,929 DEBUG - DownloadManager::Qvt successfully downloaded in TIME=85 ms URL=http://cbd46b77.cdn.cms.movetv.com/cms/publish3/container/scheduleqvt/7ef3767fff3f4482a1a5cd9ffa82b773.qvt PER_TIME=85
2019-10-29 12:23:01,933 DEBUG - DownloadManager::Qmx successfully downloaded in TIME=1 ms. URL=http://p-cdn1-802-cg14-linear-cbd46b77.movetv.com/15802/live/HGTVD/a599d150fa3111e9a09b0025b5471110/index.qmx PER_TIME=1
2019-10-29 12:23:01,933 DEBUG - TimelineServices::load timeline PER_TIME=0 ms
2019-10-29 12:23:17,190 DEBUG - DownloadManager::Qvt successfully downloaded in TIME=95 ms URL=http://cbd46b77.cdn.cms.movetv.com/cms/publish3/container/scheduleqvt/7ef3767fff3f4482a1a5cd9ffa82b773.qvt PER_TIME=95
2019-10-29 12:23:17,194 DEBUG - DownloadManager::Qmx successfully downloaded in TIME=1 ms. URL=http://p-cdn1-802-cg14-linear-cbd46b77.movetv.com/15802/live/HGTVD/a599d150fa3111e9a09b0025b5471110/index.qmx PER_TIME=1
2019-10-29 12:23:17,194 DEBUG - TimelineServices::load timeline PER_TIME=0 ms
2019-10-29 12:23:32,501 DEBUG - DownloadManager::Qvt successfully downloaded in TIME=157 ms URL=http://cbd46b77.cdn.cms.movetv.com/cms/publish3/container/scheduleqvt/7ef3767fff3f4482a1a5cd9ffa82b773.qvt PER_TIME=157
2019-10-29 12:23:32,504 DEBUG - DownloadManager::Qmx successfully downloaded in TIME=0 ms. URL=http://p-cdn1-802-cg14-linear-cbd46b77.movetv.com/15802/live/HGTVD/a599d150fa3111e9a09b0025b5471110/index.qmx PER_TIME=0
2019-10-29 12:23:32,505 DEBUG - TimelineServices::load timeline PER_TIME=1 ms
2019-10-29 12:23:47,756 DEBUG - DownloadManager::Qvt successfully downloaded in TIME=159 ms URL=http://cbd46b77.cdn.cms.movetv.com/cms/publish3/container/scheduleqvt/7ef3767fff3f4482a1a5cd9ffa82b773.qvt PER_TIME=159
2019-10-29 12:23:47,759 DEBUG - DownloadManager::Qmx successfully downloaded in TIME=1 ms. URL=http://p-cdn1-802-cg14-linear-cbd46b77.movetv.com/15802/live/HGTVD/a599d150fa3111e9a09b0025b5471110/index.qmx PER_TIME=1
2019-10-29 12:23:47,760 DEBUG - TimelineServices::load timeline PER_TIME=1 ms
2019-10-29 12:24:02,938 DEBUG - DownloadManager::Qvt successfully downloaded in TIME=85 ms URL=http://cbd46b77.cdn.cms.movetv.com/cms/publish3/container/scheduleqvt/7ef3767fff3f4482a1a5cd9ffa82b773.qvt PER_TIME=85
2019-10-29 12:24:02,942 DEBUG - DownloadManager::Qmx successfully downloaded in TIME=1 ms. URL=http://p-cdn1-802-cg14-linear-cbd46b77.movetv.com/15802/live/HGTVD/a599d150fa3111e9a09b0025b5471110/index.qmx PER_TIME=1
2019-10-29 12:24:02,942 DEBUG - TimelineServices::load timeline PER_TIME=0 ms
2019-10-29 12:24:18,315 DEBUG - DownloadManager::Qvt successfully downloaded in TIME=219 ms URL=http://cbd46b77.cdn.cms.movetv.com/cms/publish3/container/scheduleqvt/7ef3767fff3f4482a1a5cd9ffa82b773.qvt PER_TIME=219
2019-10-29 12:24:18,318 DEBUG - DownloadManager::Qmx successfully downloaded in TIME=1 ms. URL=http://p-cdn1-802-cg14-linear-cbd46b77.movetv.com/15802/live/HGTVD/a599d150fa3111e9a09b0025b5471110/index.qmx PER_TIME=1
2019-10-29 12:24:18,319 DEBUG - TimelineServices::load timeline PER_TIME=1 ms
2019-10-29 12:24:33,469 DEBUG - DownloadManager::Qvt successfully downloaded in TIME=122 ms URL=http://cbd46b77.cdn.cms.movetv.com/cms/publish3/container/scheduleqvt/7ef3767fff3f4482a1a5cd9ffa82b773.qvt PER_TIME=122
2019-10-29 12:24:33,472 DEBUG - DownloadManager::Qmx successfully downloaded in TIME=0 ms. URL=http://p-cdn1-802-cg14-linear-cbd46b77.movetv.com/15802/live/HGTVD/a599d150fa3111e9a09b0025b5471110/index.qmx PER_TIME=0
2019-10-29 12:24:33,473 DEBUG - TimelineServices::load timeline PER_TIME=1 ms
2019-10-29 12:24:48,681 DEBUG - DownloadManager::Qvt successfully downloaded in TIME=85 ms URL=http://cbd46b77.cdn.cms.movetv.com/cms/publish3/container/scheduleqvt/7ef3767fff3f4482a1a5cd9ffa82b773.qvt PER_TIME=85
2019-10-29 12:24:48,685 DEBUG - DownloadManager::Qmx successfully downloaded in TIME=1 ms. URL=http://p-cdn1-802-cg14-linear-cbd46b77.movetv.com/15802/live/HGTVD/a599d150fa3111e9a09b0025b5471110/index.qmx PER_TIME=1
2019-10-29 12:24:48,686 DEBUG - TimelineServices::load timeline PER_TIME=1 ms
2019-10-29 12:25:03,705 DEBUG - DownloadManager::Qvt successfully downloaded in TIME=104 ms URL=http://cbd46b77.cdn.cms.movetv.com/cms/publish3/container/scheduleqvt/7ef3767fff3f4482a1a5cd9ffa82b773.qvt PER_TIME=104
2019-10-29 12:25:03,710 DEBUG - DownloadManager::Qmx successfully downloaded in TIME=2 ms. URL=http://p-cdn1-802-cg14-linear-cbd46b77.movetv.com/15802/live/HGTVD/a599d150fa3111e9a09b0025b5471110/index.qmx PER_TIME=2
2019-10-29 12:25:03,710 DEBUG - TimelineServices::load timeline PER_TIME=1 ms
2019-10-29 12:25:18,931 DEBUG - DownloadManager::Qvt successfully downloaded in TIME=85 ms URL=http://cbd46b77.cdn.cms.movetv.com/cms/publish3/container/scheduleqvt/7ef3767fff3f4482a1a5cd9ffa82b773.qvt PER_TIME=85
2019-10-29 12:25:18,934 DEBUG - DownloadManager::Qmx successfully downloaded in TIME=1 ms. URL=http://p-cdn1-802-cg14-linear-cbd46b77.movetv.com/15802/live/HGTVD/a599d150fa3111e9a09b0025b5471110/index.qmx PER_TIME=1
2019-10-29 12:25:18,935 DEBUG - TimelineServices::load timeline PER_TIME=1 ms
2019-10-29 12:25:34,222 DEBUG - DownloadManager::Qvt successfully downloaded in TIME=120 ms URL=http://cbd46b77.cdn.cms.movetv.com/cms/publish3/container/scheduleqvt/7ef3767fff3f4482a1a5cd9ffa82b773.qvt PER_TIME=120
2019-10-29 12:25:34,225 DEBUG - DownloadManager::Qmx successfully downloaded in TIME=1 ms. URL=http://p-cdn1-802-cg14-linear-cbd46b77.movetv.com/15802/live/HGTVD/a599d150fa3111e9a09b0025b5471110/index.qmx PER_TIME=1
2019-10-29 12:25:34,226 DEBUG - TimelineServices::load timeline PER_TIME=1 ms
2019-10-29 12:25:49,443 DEBUG - DownloadManager::Qvt successfully downloaded in TIME=94 ms URL=http://cbd46b77.cdn.cms.movetv.com/cms/publish3/container/scheduleqvt/7ef3767fff3f4482a1a5cd9ffa82b773.qvt PER_TIME=94
2019-10-29 12:25:49,446 DEBUG - DownloadManager::Qmx successfully downloaded in TIME=1 ms. URL=http://p-cdn1-802-cg14-linear-cbd46b77.movetv.com/15802/live/HGTVD/a599d150fa3111e9a09b0025b5471110/index.qmx PER_TIME=1
2019-10-29 12:25:49,447 DEBUG - TimelineServices::load timeline PER_TIME=1 ms
2019-10-29 12:26:04,691 DEBUG - DownloadManager::Qvt successfully downloaded in TIME=92 ms URL=http://cbd46b77.cdn.cms.movetv.com/cms/publish3/container/scheduleqvt/7ef3767fff3f4482a1a5cd9ffa82b773.qvt PER_TIME=92
2019-10-29 12:26:04,694 DEBUG - DownloadManager::Qmx successfully downloaded in TIME=1 ms. URL=http://p-cdn1-802-cg14-linear-cbd46b77.movetv.com/15802/live/HGTVD/a599d150fa3111e9a09b0025b5471110/index.qmx PER_TIME=1
2019-10-29 12:26:04,695 DEBUG - TimelineServices::load timeline PER_TIME=1 ms
2019-10-29 12:26:19,689 DEBUG - DownloadManager::Qvt successfully downloaded in TIME=86 ms URL=http://cbd46b77.cdn.cms.movetv.com/cms/publish3/container/scheduleqvt/7ef3767fff3f4482a1a5cd9ffa82b773.qvt PER_TIME=86
